{"name": "test_eval[6*9-42]", "status": "skipped", "statusDetails": {"message": "XFAIL known bug\n\nAssertionError: assert 54 == 42\n +  where 54 = eval('6*9')", "trace": "test_input = '6*9', expected = 42\n\n    @pytest.mark.parametrize(\"test_input,expected\", [\n        (\"3+5\", 8),\n        (\"2+4\", 6),\n        pytest.param(\"6*9\", 42, marks=pytest.mark.xfail(reason=\"known bug\")),  # 使用 pytest.param 标记预期失败的测试用例\n    ])\n    def test_eval(test_input, expected):\n        print(\"--测试开始--\")\n>       assert eval(test_input) == expected\nE       AssertionError: assert 54 == 42\nE        +  where 54 = eval('6*9')\n\ntest\\test_07.py:11: AssertionError"}, "attachments": [{"name": "stdout", "source": "78384da5-7bf0-4a2b-aeb0-a768ce427a1e-attachment.txt", "type": "text/plain"}], "parameters": [{"name": "test_input", "value": "'6*9'"}, {"name": "expected", "value": "42"}], "start": 1746772244521, "stop": 1746772244521, "uuid": "2cf38705-eb0d-4f0b-829e-b8fcd8567ca9", "historyId": "584cd6e9664565867aa1532d4e99c640", "testCaseId": "ca18a24666eee1ebe8f9a586cbabd26d", "fullName": "test.test_07#test_eval", "labels": [{"name": "tag", "value": "@pytest.mark.xfail(reason='known bug')"}, {"name": "parentSuite", "value": "test"}, {"name": "suite", "value": "test_07"}, {"name": "host", "value": "DESKTOP-B0503DT"}, {"name": "thread", "value": "46648-MainThread"}, {"name": "framework", "value": "pytest"}, {"name": "language", "value": "cpython3"}, {"name": "package", "value": "test.test_07"}]}